1503095861088	geckodriver	INFO	geckodriver 0.18.0
1503095861136	geckodriver	INFO	Listening on 127.0.0.1:62089
1503095862155	geckodriver::marionette	INFO	Starting browser /Applications/Firefox.app/Contents/MacOS/firefox-bin with args ["-marionette"]
1503095862756	Marionette	INFO	Enabled via --marionette
2017-08-18 15:37:43.851 plugin-container[21450:11945339] *** CFMessagePort: bootstrap_register(): failed 1100 (0x44c) 'Permission denied', port = 0xaa3b, name = 'com.apple.tsm.portname'
See /usr/include/servers/bootstrap_defs.h for the error codes.
2017-08-18 15:37:43.851 plugin-container[21450:11945339] *** CFMessagePort: bootstrap_register(): failed 1100 (0x44c) 'Permission denied', port = 0xad03, name = 'com.apple.CFPasteboardClient'
See /usr/include/servers/bootstrap_defs.h for the error codes.
1503095863984	Marionette	INFO	Listening on port 62098
JavaScript error: chrome://marionette/content/server.js, line 337: NS_ERROR_SOCKET_ADDRESS_IN_USE: Component returned failure code: 0x804b0036 (NS_ERROR_SOCKET_ADDRESS_IN_USE) [nsIServerSocket.initSpecialConnection]
1503095864040	Marionette	WARN	TLS certificate errors will be ignored for this session
1503095864073	Marionette	DEBUG	loaded listener.js
1503095864089	Marionette	DEBUG	Received DOM event "beforeunload" for "about:blank"
1503095864100	Marionette	DEBUG	Received DOM event "pagehide" for "about:blank"
1503095864101	Marionette	DEBUG	Received DOM event "unload" for "about:blank"
1503095864105	Marionette	DEBUG	Received DOM event "DOMContentLoaded" for "http://localhost:8000/"
1503095864126	Marionette	DEBUG	Received DOM event "pageshow" for "http://localhost:8000/"
1503095877317	geckodriver	INFO	geckodriver 0.18.0
1503095877370	geckodriver	INFO	Listening on 127.0.0.1:62165
1503095878385	geckodriver::marionette	INFO	Starting browser /Applications/Firefox.app/Contents/MacOS/firefox-bin with args ["-marionette"]
1503095878917	Marionette	INFO	Enabled via --marionette
2017-08-18 15:38:00.023 plugin-container[21456:11951212] *** CFMessagePort: bootstrap_register(): failed 1100 (0x44c) 'Permission denied', port = 0xaa3b, name = 'com.apple.tsm.portname'
See /usr/include/servers/bootstrap_defs.h for the error codes.
2017-08-18 15:38:00.024 plugin-container[21456:11951212] *** CFMessagePort: bootstrap_register(): failed 1100 (0x44c) 'Permission denied', port = 0xad03, name = 'com.apple.CFPasteboardClient'
See /usr/include/servers/bootstrap_defs.h for the error codes.
1503095880174	Marionette	INFO	Listening on port 62174
JavaScript error: chrome://marionette/content/server.js, line 337: NS_ERROR_SOCKET_ADDRESS_IN_USE: Component returned failure code: 0x804b0036 (NS_ERROR_SOCKET_ADDRESS_IN_USE) [nsIServerSocket.initSpecialConnection]
1503095880274	Marionette	WARN	TLS certificate errors will be ignored for this session
1503095880308	Marionette	DEBUG	loaded listener.js
1503095880327	Marionette	DEBUG	Received DOM event "beforeunload" for "about:blank"
1503095880338	Marionette	DEBUG	Received DOM event "pagehide" for "about:blank"
1503095880338	Marionette	DEBUG	Received DOM event "unload" for "about:blank"
1503095880342	Marionette	DEBUG	Received DOM event "DOMContentLoaded" for "http://localhost:8000/"
1503095880365	Marionette	DEBUG	Received DOM event "pageshow" for "http://localhost:8000/"
1503340347815	geckodriver	INFO	geckodriver 0.18.0
1503340347900	geckodriver	INFO	Listening on 127.0.0.1:53312
1503340349173	geckodriver::marionette	INFO	Starting browser /Applications/Firefox.app/Contents/MacOS/firefox-bin with args ["-marionette"]
1503340349894	Marionette	INFO	Enabled via --marionette
2017-08-21 11:32:31.087 plugin-container[23394:16622359] *** CFMessagePort: bootstrap_register(): failed 1100 (0x44c) 'Permission denied', port = 0xaa3b, name = 'com.apple.tsm.portname'
See /usr/include/servers/bootstrap_defs.h for the error codes.
2017-08-21 11:32:31.089 plugin-container[23394:16622359] *** CFMessagePort: bootstrap_register(): failed 1100 (0x44c) 'Permission denied', port = 0xad03, name = 'com.apple.CFPasteboardClient'
See /usr/include/servers/bootstrap_defs.h for the error codes.
1503340351230	Marionette	INFO	Listening on port 53321
JavaScript error: chrome://marionette/content/server.js, line 337: NS_ERROR_SOCKET_ADDRESS_IN_USE: Component returned failure code: 0x804b0036 (NS_ERROR_SOCKET_ADDRESS_IN_USE) [nsIServerSocket.initSpecialConnection]
1503340351258	Marionette	WARN	TLS certificate errors will be ignored for this session
1503340351289	Marionette	DEBUG	loaded listener.js
1503340351305	Marionette	DEBUG	Received DOM event "beforeunload" for "about:blank"
1503340351352	Marionette	DEBUG	Received DOM event "pagehide" for "about:blank"
1503340351352	Marionette	DEBUG	Received DOM event "unload" for "about:blank"
1503340351356	Marionette	DEBUG	Received DOM event "DOMContentLoaded" for "http://localhost:8000/"
1503340351376	Marionette	DEBUG	Received DOM event "pageshow" for "http://localhost:8000/"
1503341275742	geckodriver	INFO	geckodriver 0.18.0
1503341275793	geckodriver	INFO	Listening on 127.0.0.1:53467
1503341276837	geckodriver::marionette	INFO	Starting browser /Applications/Firefox.app/Contents/MacOS/firefox-bin with args ["-marionette"]
1503341277359	Marionette	INFO	Enabled via --marionette
2017-08-21 11:47:58.455 plugin-container[23508:16630803] *** CFMessagePort: bootstrap_register(): failed 1100 (0x44c) 'Permission denied', port = 0xaa2f, name = 'com.apple.tsm.portname'
See /usr/include/servers/bootstrap_defs.h for the error codes.
2017-08-21 11:47:58.457 plugin-container[23508:16630803] *** CFMessagePort: bootstrap_register(): failed 1100 (0x44c) 'Permission denied', port = 0xad03, name = 'com.apple.CFPasteboardClient'
See /usr/include/servers/bootstrap_defs.h for the error codes.
1503341278613	Marionette	INFO	Listening on port 53476
JavaScript error: chrome://marionette/content/server.js, line 337: NS_ERROR_SOCKET_ADDRESS_IN_USE: Component returned failure code: 0x804b0036 (NS_ERROR_SOCKET_ADDRESS_IN_USE) [nsIServerSocket.initSpecialConnection]
1503341278716	Marionette	WARN	TLS certificate errors will be ignored for this session
1503341278750	Marionette	DEBUG	loaded listener.js
1503341278767	Marionette	DEBUG	Received DOM event "beforeunload" for "about:blank"
1503341278777	Marionette	DEBUG	Received DOM event "pagehide" for "about:blank"
1503341278777	Marionette	DEBUG	Received DOM event "unload" for "about:blank"
1503341278783	Marionette	DEBUG	Received DOM event "DOMContentLoaded" for "http://localhost:8000/"
1503341278806	Marionette	DEBUG	Received DOM event "pageshow" for "http://localhost:8000/"
1503341278848	Marionette	INFO	New connections will no longer be accepted
1503341371399	geckodriver	INFO	geckodriver 0.18.0
1503341371445	geckodriver	INFO	Listening on 127.0.0.1:53537
1503341372477	geckodriver::marionette	INFO	Starting browser /Applications/Firefox.app/Contents/MacOS/firefox-bin with args ["-marionette"]
1503341372988	Marionette	INFO	Enabled via --marionette
2017-08-21 11:49:34.039 plugin-container[23520:16633744] *** CFMessagePort: bootstrap_register(): failed 1100 (0x44c) 'Permission denied', port = 0xaa3b, name = 'com.apple.tsm.portname'
See /usr/include/servers/bootstrap_defs.h for the error codes.
2017-08-21 11:49:34.041 plugin-container[23520:16633744] *** CFMessagePort: bootstrap_register(): failed 1100 (0x44c) 'Permission denied', port = 0xad03, name = 'com.apple.CFPasteboardClient'
See /usr/include/servers/bootstrap_defs.h for the error codes.
1503341374178	Marionette	INFO	Listening on port 53546
JavaScript error: chrome://marionette/content/server.js, line 337: NS_ERROR_SOCKET_ADDRESS_IN_USE: Component returned failure code: 0x804b0036 (NS_ERROR_SOCKET_ADDRESS_IN_USE) [nsIServerSocket.initSpecialConnection]
1503341374254	Marionette	WARN	TLS certificate errors will be ignored for this session
1503341374286	Marionette	DEBUG	loaded listener.js
1503341374303	Marionette	DEBUG	Received DOM event "beforeunload" for "about:blank"
1503341374312	Marionette	DEBUG	Received DOM event "pagehide" for "about:blank"
1503341374313	Marionette	DEBUG	Received DOM event "unload" for "about:blank"
1503341374317	Marionette	DEBUG	Received DOM event "DOMContentLoaded" for "http://localhost:8000/"
1503341374338	Marionette	DEBUG	Received DOM event "pageshow" for "http://localhost:8000/"
1503341374396	Marionette	INFO	New connections will no longer be accepted
1503355451537	geckodriver	INFO	geckodriver 0.18.0
1503355451590	geckodriver	INFO	Listening on 127.0.0.1:55248
1503355452608	geckodriver::marionette	INFO	Starting browser /Applications/Firefox.app/Contents/MacOS/firefox-bin with args ["-marionette"]
1503355453329	Marionette	INFO	Enabled via --marionette
2017-08-21 15:44:14.535 plugin-container[24230:16741530] *** CFMessagePort: bootstrap_register(): failed 1100 (0x44c) 'Permission denied', port = 0xaa3b, name = 'com.apple.tsm.portname'
See /usr/include/servers/bootstrap_defs.h for the error codes.
2017-08-21 15:44:14.537 plugin-container[24230:16741530] *** CFMessagePort: bootstrap_register(): failed 1100 (0x44c) 'Permission denied', port = 0xad03, name = 'com.apple.CFPasteboardClient'
See /usr/include/servers/bootstrap_defs.h for the error codes.
1503355454718	Marionette	INFO	Listening on port 55257
JavaScript error: chrome://marionette/content/server.js, line 337: NS_ERROR_SOCKET_ADDRESS_IN_USE: Component returned failure code: 0x804b0036 (NS_ERROR_SOCKET_ADDRESS_IN_USE) [nsIServerSocket.initSpecialConnection]
1503355454798	Marionette	WARN	TLS certificate errors will be ignored for this session
1503355454834	Marionette	DEBUG	loaded listener.js
1503355454859	Marionette	DEBUG	Received DOM event "beforeunload" for "about:blank"
1503355454873	Marionette	DEBUG	Received DOM event "pagehide" for "about:blank"
1503355454873	Marionette	DEBUG	Received DOM event "unload" for "about:blank"
1503355454877	Marionette	DEBUG	Received DOM event "DOMContentLoaded" for "http://localhost:8000/"
1503355454879	Marionette	DEBUG	Received DOM event "pageshow" for "http://localhost:8000/"
1503355454956	Marionette	INFO	New connections will no longer be accepted
1503355635547	geckodriver	INFO	geckodriver 0.18.0
1503355635593	geckodriver	INFO	Listening on 127.0.0.1:55346
1503355636625	geckodriver::marionette	INFO	Starting browser /Applications/Firefox.app/Contents/MacOS/firefox-bin with args ["-marionette"]
1503355637125	Marionette	INFO	Enabled via --marionette
2017-08-21 15:47:18.203 plugin-container[24252:16743463] *** CFMessagePort: bootstrap_register(): failed 1100 (0x44c) 'Permission denied', port = 0xaa3b, name = 'com.apple.tsm.portname'
See /usr/include/servers/bootstrap_defs.h for the error codes.
2017-08-21 15:47:18.205 plugin-container[24252:16743463] *** CFMessagePort: bootstrap_register(): failed 1100 (0x44c) 'Permission denied', port = 0xad03, name = 'com.apple.CFPasteboardClient'
See /usr/include/servers/bootstrap_defs.h for the error codes.
1503355638371	Marionette	INFO	Listening on port 55355
JavaScript error: chrome://marionette/content/server.js, line 337: NS_ERROR_SOCKET_ADDRESS_IN_USE: Component returned failure code: 0x804b0036 (NS_ERROR_SOCKET_ADDRESS_IN_USE) [nsIServerSocket.initSpecialConnection]
1503355638396	Marionette	WARN	TLS certificate errors will be ignored for this session
1503355638429	Marionette	DEBUG	loaded listener.js
1503355638453	Marionette	DEBUG	Received DOM event "beforeunload" for "about:blank"
1503355638462	Marionette	DEBUG	Received DOM event "pagehide" for "about:blank"
1503355638462	Marionette	DEBUG	Received DOM event "unload" for "about:blank"
1503355638466	Marionette	DEBUG	Received DOM event "DOMContentLoaded" for "http://localhost:8000/"
1503355638468	Marionette	DEBUG	Received DOM event "pageshow" for "http://localhost:8000/"
1503355692700	geckodriver	INFO	geckodriver 0.18.0
1503355692748	geckodriver	INFO	Listening on 127.0.0.1:55424
1503355693772	geckodriver::marionette	INFO	Starting browser /Applications/Firefox.app/Contents/MacOS/firefox-bin with args ["-marionette"]
1503355694279	Marionette	INFO	Enabled via --marionette
1503355695502	Marionette	INFO	Listening on port 55433
JavaScript error: chrome://marionette/content/server.js, line 337: NS_ERROR_SOCKET_ADDRESS_IN_USE: Component returned failure code: 0x804b0036 (NS_ERROR_SOCKET_ADDRESS_IN_USE) [nsIServerSocket.initSpecialConnection]
2017-08-21 15:48:15.534 plugin-container[24264:16744186] *** CFMessagePort: bootstrap_register(): failed 1100 (0x44c) 'Permission denied', port = 0xaa3b, name = 'com.apple.tsm.portname'
See /usr/include/servers/bootstrap_defs.h for the error codes.
2017-08-21 15:48:15.537 plugin-container[24264:16744186] *** CFMessagePort: bootstrap_register(): failed 1100 (0x44c) 'Permission denied', port = 0xad03, name = 'com.apple.CFPasteboardClient'
See /usr/include/servers/bootstrap_defs.h for the error codes.
1503355695549	Marionette	WARN	TLS certificate errors will be ignored for this session
1503355695582	Marionette	DEBUG	loaded listener.js
1503355695605	Marionette	DEBUG	Received DOM event "beforeunload" for "about:blank"
1503355695616	Marionette	DEBUG	Received DOM event "pagehide" for "about:blank"
1503355695617	Marionette	DEBUG	Received DOM event "unload" for "about:blank"
1503355695620	Marionette	DEBUG	Received DOM event "DOMContentLoaded" for "http://localhost:8000/"
1503355695622	Marionette	DEBUG	Received DOM event "pageshow" for "http://localhost:8000/"
1503355695688	Marionette	INFO	New connections will no longer be accepted
1503355821696	geckodriver	INFO	geckodriver 0.18.0
1503355821742	geckodriver	INFO	Listening on 127.0.0.1:55501
1503355822767	geckodriver::marionette	INFO	Starting browser /Applications/Firefox.app/Contents/MacOS/firefox-bin with args ["-marionette"]
1503355823269	Marionette	INFO	Enabled via --marionette
2017-08-21 15:50:24.330 plugin-container[24287:16746640] *** CFMessagePort: bootstrap_register(): failed 1100 (0x44c) 'Permission denied', port = 0xaa3b, name = 'com.apple.tsm.portname'
See /usr/include/servers/bootstrap_defs.h for the error codes.
2017-08-21 15:50:24.332 plugin-container[24287:16746640] *** CFMessagePort: bootstrap_register(): failed 1100 (0x44c) 'Permission denied', port = 0xad03, name = 'com.apple.CFPasteboardClient'
See /usr/include/servers/bootstrap_defs.h for the error codes.
1503355824528	Marionette	INFO	Listening on port 55510
1503355824549	Marionette	WARN	TLS certificate errors will be ignored for this session
JavaScript error: chrome://marionette/content/server.js, line 337: NS_ERROR_SOCKET_ADDRESS_IN_USE: Component returned failure code: 0x804b0036 (NS_ERROR_SOCKET_ADDRESS_IN_USE) [nsIServerSocket.initSpecialConnection]
1503355824582	Marionette	DEBUG	loaded listener.js
1503355824608	Marionette	DEBUG	Received DOM event "beforeunload" for "about:blank"
1503355824624	Marionette	DEBUG	Received DOM event "pagehide" for "about:blank"
1503355824625	Marionette	DEBUG	Received DOM event "unload" for "about:blank"
1503355824629	Marionette	DEBUG	Received DOM event "DOMContentLoaded" for "http://localhost:8000/"
1503355824631	Marionette	DEBUG	Received DOM event "pageshow" for "http://localhost:8000/"
1503355824693	Marionette	INFO	New connections will no longer be accepted
2017-08-21 15:51:27.935 plugin-container[24297:16748021] *** CFMessagePort: bootstrap_register(): failed 1100 (0x44c) 'Permission denied', port = 0xaa3b, name = 'com.apple.tsm.portname'
See /usr/include/servers/bootstrap_defs.h for the error codes.
2017-08-21 15:51:27.937 plugin-container[24297:16748021] *** CFMessagePort: bootstrap_register(): failed 1100 (0x44c) 'Permission denied', port = 0xad03, name = 'com.apple.CFPasteboardClient'
See /usr/include/servers/bootstrap_defs.h for the error codes.
1503421101125	geckodriver	INFO	geckodriver 0.18.0
1503421101180	geckodriver	INFO	Listening on 127.0.0.1:59278
1503421102230	geckodriver::marionette	INFO	Starting browser /Applications/Firefox.app/Contents/MacOS/firefox-bin with args ["-marionette"]
1503421102945	Marionette	INFO	Enabled via --marionette
2017-08-22 09:58:24.167 plugin-container[25311:20082587] *** CFMessagePort: bootstrap_register(): failed 1100 (0x44c) 'Permission denied', port = 0xaa3b, name = 'com.apple.tsm.portname'
See /usr/include/servers/bootstrap_defs.h for the error codes.
2017-08-22 09:58:24.169 plugin-container[25311:20082587] *** CFMessagePort: bootstrap_register(): failed 1100 (0x44c) 'Permission denied', port = 0xad03, name = 'com.apple.CFPasteboardClient'
See /usr/include/servers/bootstrap_defs.h for the error codes.
1503421104408	Marionette	INFO	Listening on port 59287
JavaScript error: chrome://marionette/content/server.js, line 337: NS_ERROR_SOCKET_ADDRESS_IN_USE: Component returned failure code: 0x804b0036 (NS_ERROR_SOCKET_ADDRESS_IN_USE) [nsIServerSocket.initSpecialConnection]
1503421104423	Marionette	WARN	TLS certificate errors will be ignored for this session
1503421104455	Marionette	DEBUG	loaded listener.js
1503421104498	Marionette	DEBUG	Received DOM event "beforeunload" for "about:blank"
1503421104518	Marionette	DEBUG	Received DOM event "pagehide" for "about:blank"
1503421104518	Marionette	DEBUG	Received DOM event "unload" for "about:blank"
1503421104521	Marionette	DEBUG	Received DOM event "DOMContentLoaded" for "http://localhost:8000/"
1503421104524	Marionette	DEBUG	Received DOM event "pageshow" for "http://localhost:8000/"
1503421104595	Marionette	INFO	New connections will no longer be accepted
1503423854899	geckodriver	INFO	geckodriver 0.18.0
1503423854947	geckodriver	INFO	Listening on 127.0.0.1:60983
1503423856007	geckodriver::marionette	INFO	Starting browser /Applications/Firefox.app/Contents/MacOS/firefox-bin with args ["-marionette"]
1503423856632	Marionette	INFO	Enabled via --marionette
2017-08-22 10:44:17.705 plugin-container[25565:20325750] *** CFMessagePort: bootstrap_register(): failed 1100 (0x44c) 'Permission denied', port = 0xaa3b, name = 'com.apple.tsm.portname'
See /usr/include/servers/bootstrap_defs.h for the error codes.
2017-08-22 10:44:17.706 plugin-container[25565:20325750] *** CFMessagePort: bootstrap_register(): failed 1100 (0x44c) 'Permission denied', port = 0xad03, name = 'com.apple.CFPasteboardClient'
See /usr/include/servers/bootstrap_defs.h for the error codes.
1503423857872	Marionette	INFO	Listening on port 61008
JavaScript error: chrome://marionette/content/server.js, line 337: NS_ERROR_SOCKET_ADDRESS_IN_USE: Component returned failure code: 0x804b0036 (NS_ERROR_SOCKET_ADDRESS_IN_USE) [nsIServerSocket.initSpecialConnection]
1503423857901	Marionette	WARN	TLS certificate errors will be ignored for this session
1503423857934	Marionette	DEBUG	loaded listener.js
1503423857959	Marionette	DEBUG	Received DOM event "beforeunload" for "about:blank"
1503423857971	Marionette	DEBUG	Received DOM event "pagehide" for "about:blank"
1503423857972	Marionette	DEBUG	Received DOM event "unload" for "about:blank"
1503423857975	Marionette	DEBUG	Received DOM event "DOMContentLoaded" for "http://localhost:8000/"
1503423857977	Marionette	DEBUG	Received DOM event "pageshow" for "http://localhost:8000/"
1503423861070	Marionette	INFO	New connections will no longer be accepted
1503428466943	geckodriver	INFO	geckodriver 0.18.0
1503428466990	geckodriver	INFO	Listening on 127.0.0.1:62267
1503428468042	geckodriver::marionette	INFO	Starting browser /Applications/Firefox.app/Contents/MacOS/firefox-bin with args ["-marionette"]
1503428468544	Marionette	INFO	Enabled via --marionette
2017-08-22 12:01:09.595 plugin-container[25884:20912758] *** CFMessagePort: bootstrap_register(): failed 1100 (0x44c) 'Permission denied', port = 0xaa3b, name = 'com.apple.tsm.portname'
See /usr/include/servers/bootstrap_defs.h for the error codes.
2017-08-22 12:01:09.597 plugin-container[25884:20912758] *** CFMessagePort: bootstrap_register(): failed 1100 (0x44c) 'Permission denied', port = 0xad03, name = 'com.apple.CFPasteboardClient'
See /usr/include/servers/bootstrap_defs.h for the error codes.
1503428469756	Marionette	INFO	Listening on port 62276
JavaScript error: chrome://marionette/content/server.js, line 337: NS_ERROR_SOCKET_ADDRESS_IN_USE: Component returned failure code: 0x804b0036 (NS_ERROR_SOCKET_ADDRESS_IN_USE) [nsIServerSocket.initSpecialConnection]
1503428469804	Marionette	WARN	TLS certificate errors will be ignored for this session
1503428469834	Marionette	DEBUG	loaded listener.js
1503428469858	Marionette	DEBUG	Received DOM event "beforeunload" for "about:blank"
1503428469872	Marionette	DEBUG	Received DOM event "pagehide" for "about:blank"
1503428469872	Marionette	DEBUG	Received DOM event "unload" for "about:blank"
1503428469875	Marionette	DEBUG	Received DOM event "DOMContentLoaded" for "http://localhost:8000/"
1503428469877	Marionette	DEBUG	Received DOM event "pageshow" for "http://localhost:8000/"
1503428472967	Marionette	INFO	New connections will no longer be accepted
1503428633388	geckodriver	INFO	geckodriver 0.18.0
1503428633434	geckodriver	INFO	Listening on 127.0.0.1:62364
1503428634458	geckodriver::marionette	INFO	Starting browser /Applications/Firefox.app/Contents/MacOS/firefox-bin with args ["-marionette"]
1503428634941	Marionette	INFO	Enabled via --marionette
2017-08-22 12:03:55.969 plugin-container[25906:20914628] *** CFMessagePort: bootstrap_register(): failed 1100 (0x44c) 'Permission denied', port = 0xaa3b, name = 'com.apple.tsm.portname'
See /usr/include/servers/bootstrap_defs.h for the error codes.
2017-08-22 12:03:55.971 plugin-container[25906:20914628] *** CFMessagePort: bootstrap_register(): failed 1100 (0x44c) 'Permission denied', port = 0xad03, name = 'com.apple.CFPasteboardClient'
See /usr/include/servers/bootstrap_defs.h for the error codes.
1503428636117	Marionette	INFO	Listening on port 62373
JavaScript error: chrome://marionette/content/server.js, line 337: NS_ERROR_SOCKET_ADDRESS_IN_USE: Component returned failure code: 0x804b0036 (NS_ERROR_SOCKET_ADDRESS_IN_USE) [nsIServerSocket.initSpecialConnection]
1503428636133	Marionette	WARN	TLS certificate errors will be ignored for this session
1503428636163	Marionette	DEBUG	loaded listener.js
1503428636186	Marionette	DEBUG	Received DOM event "beforeunload" for "about:blank"
1503428636195	Marionette	DEBUG	Received DOM event "pagehide" for "about:blank"
1503428636195	Marionette	DEBUG	Received DOM event "unload" for "about:blank"
1503428636199	Marionette	DEBUG	Received DOM event "DOMContentLoaded" for "http://localhost:8000/"
1503428636204	Marionette	DEBUG	Received DOM event "pageshow" for "http://localhost:8000/"
1503428639352	Marionette	INFO	New connections will no longer be accepted
JavaScript error: jar:file:///Applications/Firefox.app/Contents/Resources/omni.ja!/components/nsUrlClassifierListManager.js, line 539: TypeError: this.tablesData[table] is undefined
1503428720042	geckodriver	INFO	geckodriver 0.18.0
1503428720088	geckodriver	INFO	Listening on 127.0.0.1:62464
1503428721114	geckodriver::marionette	INFO	Starting browser /Applications/Firefox.app/Contents/MacOS/firefox-bin with args ["-marionette"]
1503428721614	Marionette	INFO	Enabled via --marionette
2017-08-22 12:05:22.653 plugin-container[25921:20916763] *** CFMessagePort: bootstrap_register(): failed 1100 (0x44c) 'Permission denied', port = 0xaa3b, name = 'com.apple.tsm.portname'
See /usr/include/servers/bootstrap_defs.h for the error codes.
2017-08-22 12:05:22.656 plugin-container[25921:20916763] *** CFMessagePort: bootstrap_register(): failed 1100 (0x44c) 'Permission denied', port = 0xad03, name = 'com.apple.CFPasteboardClient'
See /usr/include/servers/bootstrap_defs.h for the error codes.
1503428722838	Marionette	INFO	Listening on port 62473
JavaScript error: chrome://marionette/content/server.js, line 337: NS_ERROR_SOCKET_ADDRESS_IN_USE: Component returned failure code: 0x804b0036 (NS_ERROR_SOCKET_ADDRESS_IN_USE) [nsIServerSocket.initSpecialConnection]
1503428722887	Marionette	WARN	TLS certificate errors will be ignored for this session
1503428722918	Marionette	DEBUG	loaded listener.js
1503428722941	Marionette	DEBUG	Received DOM event "beforeunload" for "about:blank"
1503428722952	Marionette	DEBUG	Received DOM event "pagehide" for "about:blank"
1503428722953	Marionette	DEBUG	Received DOM event "unload" for "about:blank"
1503428722970	Marionette	DEBUG	Received DOM event "DOMContentLoaded" for "http://localhost:8000/"
1503428722971	Marionette	DEBUG	Received DOM event "pageshow" for "http://localhost:8000/"
1503428723099	Marionette	INFO	New connections will no longer be accepted
1503428790001	geckodriver	INFO	geckodriver 0.18.0
1503428790048	geckodriver	INFO	Listening on 127.0.0.1:62551
1503428791075	geckodriver::marionette	INFO	Starting browser /Applications/Firefox.app/Contents/MacOS/firefox-bin with args ["-marionette"]
1503428791564	Marionette	INFO	Enabled via --marionette
2017-08-22 12:06:32.606 plugin-container[25932:20918023] *** CFMessagePort: bootstrap_register(): failed 1100 (0x44c) 'Permission denied', port = 0xa60b, name = 'com.apple.tsm.portname'
See /usr/include/servers/bootstrap_defs.h for the error codes.
2017-08-22 12:06:32.608 plugin-container[25932:20918023] *** CFMessagePort: bootstrap_register(): failed 1100 (0x44c) 'Permission denied', port = 0xad03, name = 'com.apple.CFPasteboardClient'
See /usr/include/servers/bootstrap_defs.h for the error codes.
1503428792764	Marionette	INFO	Listening on port 62560
JavaScript error: chrome://marionette/content/server.js, line 337: NS_ERROR_SOCKET_ADDRESS_IN_USE: Component returned failure code: 0x804b0036 (NS_ERROR_SOCKET_ADDRESS_IN_USE) [nsIServerSocket.initSpecialConnection]
1503428792846	Marionette	WARN	TLS certificate errors will be ignored for this session
1503428792879	Marionette	DEBUG	loaded listener.js
1503428792906	Marionette	DEBUG	Received DOM event "beforeunload" for "about:blank"
1503428792916	Marionette	DEBUG	Received DOM event "pagehide" for "about:blank"
1503428792916	Marionette	DEBUG	Received DOM event "unload" for "about:blank"
1503428792920	Marionette	DEBUG	Received DOM event "DOMContentLoaded" for "http://localhost:8000/"
1503428792937	Marionette	DEBUG	Received DOM event "pageshow" for "http://localhost:8000/"
1503428793046	Marionette	INFO	New connections will no longer be accepted
1503428875856	geckodriver	INFO	geckodriver 0.18.0
1503428875902	geckodriver	INFO	Listening on 127.0.0.1:62619
1503428876934	geckodriver::marionette	INFO	Starting browser /Applications/Firefox.app/Contents/MacOS/firefox-bin with args ["-marionette"]
1503428877428	Marionette	INFO	Enabled via --marionette
2017-08-22 12:07:58.455 plugin-container[25946:20919427] *** CFMessagePort: bootstrap_register(): failed 1100 (0x44c) 'Permission denied', port = 0xaa3b, name = 'com.apple.tsm.portname'
See /usr/include/servers/bootstrap_defs.h for the error codes.
2017-08-22 12:07:58.457 plugin-container[25946:20919427] *** CFMessagePort: bootstrap_register(): failed 1100 (0x44c) 'Permission denied', port = 0xad03, name = 'com.apple.CFPasteboardClient'
See /usr/include/servers/bootstrap_defs.h for the error codes.
1503428878608	Marionette	INFO	Listening on port 62628
JavaScript error: chrome://marionette/content/server.js, line 337: NS_ERROR_SOCKET_ADDRESS_IN_USE: Component returned failure code: 0x804b0036 (NS_ERROR_SOCKET_ADDRESS_IN_USE) [nsIServerSocket.initSpecialConnection]
1503428878698	Marionette	WARN	TLS certificate errors will be ignored for this session
1503428878728	Marionette	DEBUG	loaded listener.js
1503428878751	Marionette	DEBUG	Received DOM event "beforeunload" for "about:blank"
1503428878761	Marionette	DEBUG	Received DOM event "pagehide" for "about:blank"
1503428878761	Marionette	DEBUG	Received DOM event "unload" for "about:blank"
1503428878765	Marionette	DEBUG	Received DOM event "DOMContentLoaded" for "http://localhost:8000/"
1503428878782	Marionette	DEBUG	Received DOM event "pageshow" for "http://localhost:8000/"
1503428878885	Marionette	INFO	New connections will no longer be accepted
1503428886825	geckodriver	INFO	geckodriver 0.18.0
1503428886878	geckodriver	INFO	Listening on 127.0.0.1:62686
1503428887904	geckodriver::marionette	INFO	Starting browser /Applications/Firefox.app/Contents/MacOS/firefox-bin with args ["-marionette"]
1503428888392	Marionette	INFO	Enabled via --marionette
2017-08-22 12:08:09.419 plugin-container[25955:20920481] *** CFMessagePort: bootstrap_register(): failed 1100 (0x44c) 'Permission denied', port = 0xaa3b, name = 'com.apple.tsm.portname'
See /usr/include/servers/bootstrap_defs.h for the error codes.
2017-08-22 12:08:09.421 plugin-container[25955:20920481] *** CFMessagePort: bootstrap_register(): failed 1100 (0x44c) 'Permission denied', port = 0xad03, name = 'com.apple.CFPasteboardClient'
See /usr/include/servers/bootstrap_defs.h for the error codes.
1503428889577	Marionette	INFO	Listening on port 62695
JavaScript error: chrome://marionette/content/server.js, line 337: NS_ERROR_SOCKET_ADDRESS_IN_USE: Component returned failure code: 0x804b0036 (NS_ERROR_SOCKET_ADDRESS_IN_USE) [nsIServerSocket.initSpecialConnection]
1503428889675	Marionette	WARN	TLS certificate errors will be ignored for this session
1503428889710	Marionette	DEBUG	loaded listener.js
1503428889740	Marionette	DEBUG	Received DOM event "beforeunload" for "about:blank"
1503428889750	Marionette	DEBUG	Received DOM event "pagehide" for "about:blank"
1503428889750	Marionette	DEBUG	Received DOM event "unload" for "about:blank"
1503428889754	Marionette	DEBUG	Received DOM event "DOMContentLoaded" for "http://localhost:8000/"
1503428889771	Marionette	DEBUG	Received DOM event "pageshow" for "http://localhost:8000/"
1503428889878	Marionette	INFO	New connections will no longer be accepted
1503428922311	geckodriver	INFO	geckodriver 0.18.0
1503428922357	geckodriver	INFO	Listening on 127.0.0.1:62771
1503428923384	geckodriver::marionette	INFO	Starting browser /Applications/Firefox.app/Contents/MacOS/firefox-bin with args ["-marionette"]
1503428923868	Marionette	INFO	Enabled via --marionette
2017-08-22 12:08:44.895 plugin-container[25967:20921653] *** CFMessagePort: bootstrap_register(): failed 1100 (0x44c) 'Permission denied', port = 0xaa3b, name = 'com.apple.tsm.portname'
See /usr/include/servers/bootstrap_defs.h for the error codes.
2017-08-22 12:08:44.896 plugin-container[25967:20921653] *** CFMessagePort: bootstrap_register(): failed 1100 (0x44c) 'Permission denied', port = 0xad03, name = 'com.apple.CFPasteboardClient'
See /usr/include/servers/bootstrap_defs.h for the error codes.
1503428925080	Marionette	INFO	Listening on port 62780
JavaScript error: chrome://marionette/content/server.js, line 337: NS_ERROR_SOCKET_ADDRESS_IN_USE: Component returned failure code: 0x804b0036 (NS_ERROR_SOCKET_ADDRESS_IN_USE) [nsIServerSocket.initSpecialConnection]
1503428925147	Marionette	WARN	TLS certificate errors will be ignored for this session
1503428925177	Marionette	DEBUG	loaded listener.js
1503428925200	Marionette	DEBUG	Received DOM event "beforeunload" for "about:blank"
1503428925222	Marionette	DEBUG	Received DOM event "pagehide" for "about:blank"
1503428925222	Marionette	DEBUG	Received DOM event "unload" for "about:blank"
1503428925226	Marionette	DEBUG	Received DOM event "DOMContentLoaded" for "http://localhost:8000/"
1503428925245	Marionette	DEBUG	Received DOM event "pageshow" for "http://localhost:8000/"
1503428928499	Marionette	INFO	New connections will no longer be accepted
1503429047860	geckodriver	INFO	geckodriver 0.18.0
1503429047906	geckodriver	INFO	Listening on 127.0.0.1:62856
1503429048931	geckodriver::marionette	INFO	Starting browser /Applications/Firefox.app/Contents/MacOS/firefox-bin with args ["-marionette"]
1503429049421	Marionette	INFO	Enabled via --marionette
2017-08-22 12:10:50.456 plugin-container[25984:20924357] *** CFMessagePort: bootstrap_register(): failed 1100 (0x44c) 'Permission denied', port = 0xaa3b, name = 'com.apple.tsm.portname'
See /usr/include/servers/bootstrap_defs.h for the error codes.
2017-08-22 12:10:50.458 plugin-container[25984:20924357] *** CFMessagePort: bootstrap_register(): failed 1100 (0x44c) 'Permission denied', port = 0xad03, name = 'com.apple.CFPasteboardClient'
See /usr/include/servers/bootstrap_defs.h for the error codes.
1503429050614	Marionette	INFO	Listening on port 62865
JavaScript error: chrome://marionette/content/server.js, line 337: NS_ERROR_SOCKET_ADDRESS_IN_USE: Component returned failure code: 0x804b0036 (NS_ERROR_SOCKET_ADDRESS_IN_USE) [nsIServerSocket.initSpecialConnection]
1503429050699	Marionette	WARN	TLS certificate errors will be ignored for this session
1503429050732	Marionette	DEBUG	loaded listener.js
1503429050761	Marionette	DEBUG	Received DOM event "beforeunload" for "about:blank"
1503429050772	Marionette	DEBUG	Received DOM event "pagehide" for "about:blank"
1503429050772	Marionette	DEBUG	Received DOM event "unload" for "about:blank"
1503429050776	Marionette	DEBUG	Received DOM event "DOMContentLoaded" for "http://localhost:8000/"
1503429050795	Marionette	DEBUG	Received DOM event "pageshow" for "http://localhost:8000/"
1503429054125	Marionette	INFO	New connections will no longer be accepted
1503429174286	geckodriver	INFO	geckodriver 0.18.0
1503429174333	geckodriver	INFO	Listening on 127.0.0.1:62974
1503429175361	geckodriver::marionette	INFO	Starting browser /Applications/Firefox.app/Contents/MacOS/firefox-bin with args ["-marionette"]
1503429175855	Marionette	INFO	Enabled via --marionette
2017-08-22 12:12:56.893 plugin-container[26012:20926407] *** CFMessagePort: bootstrap_register(): failed 1100 (0x44c) 'Permission denied', port = 0xaa3b, name = 'com.apple.tsm.portname'
See /usr/include/servers/bootstrap_defs.h for the error codes.
2017-08-22 12:12:56.895 plugin-container[26012:20926407] *** CFMessagePort: bootstrap_register(): failed 1100 (0x44c) 'Permission denied', port = 0xad03, name = 'com.apple.CFPasteboardClient'
See /usr/include/servers/bootstrap_defs.h for the error codes.
1503429177057	Marionette	INFO	Listening on port 62983
JavaScript error: chrome://marionette/content/server.js, line 337: NS_ERROR_SOCKET_ADDRESS_IN_USE: Component returned failure code: 0x804b0036 (NS_ERROR_SOCKET_ADDRESS_IN_USE) [nsIServerSocket.initSpecialConnection]
1503429177134	Marionette	WARN	TLS certificate errors will be ignored for this session
1503429177165	Marionette	DEBUG	loaded listener.js
1503429177189	Marionette	DEBUG	Received DOM event "beforeunload" for "about:blank"
1503429177205	Marionette	DEBUG	Received DOM event "pagehide" for "about:blank"
1503429177205	Marionette	DEBUG	Received DOM event "unload" for "about:blank"
1503429177209	Marionette	DEBUG	Received DOM event "DOMContentLoaded" for "http://localhost:8000/"
1503429177227	Marionette	DEBUG	Received DOM event "pageshow" for "http://localhost:8000/"
1503429180480	Marionette	INFO	New connections will no longer be accepted
1503429258308	geckodriver	INFO	geckodriver 0.18.0
1503429258354	geckodriver	INFO	Listening on 127.0.0.1:63076
1503429259384	geckodriver::marionette	INFO	Starting browser /Applications/Firefox.app/Contents/MacOS/firefox-bin with args ["-marionette"]
1503429259879	Marionette	INFO	Enabled via --marionette
2017-08-22 12:14:20.895 plugin-container[26026:20927882] *** CFMessagePort: bootstrap_register(): failed 1100 (0x44c) 'Permission denied', port = 0xaa2f, name = 'com.apple.tsm.portname'
See /usr/include/servers/bootstrap_defs.h for the error codes.
2017-08-22 12:14:20.897 plugin-container[26026:20927882] *** CFMessagePort: bootstrap_register(): failed 1100 (0x44c) 'Permission denied', port = 0xad03, name = 'com.apple.CFPasteboardClient'
See /usr/include/servers/bootstrap_defs.h for the error codes.
1503429261073	Marionette	INFO	Listening on port 63085
JavaScript error: chrome://marionette/content/server.js, line 337: NS_ERROR_SOCKET_ADDRESS_IN_USE: Component returned failure code: 0x804b0036 (NS_ERROR_SOCKET_ADDRESS_IN_USE) [nsIServerSocket.initSpecialConnection]
1503429261148	Marionette	WARN	TLS certificate errors will be ignored for this session
1503429261179	Marionette	DEBUG	loaded listener.js
1503429261208	Marionette	DEBUG	Received DOM event "beforeunload" for "about:blank"
1503429261217	Marionette	DEBUG	Received DOM event "pagehide" for "about:blank"
1503429261217	Marionette	DEBUG	Received DOM event "unload" for "about:blank"
1503429261221	Marionette	DEBUG	Received DOM event "DOMContentLoaded" for "http://localhost:8000/"
1503429261237	Marionette	DEBUG	Received DOM event "pageshow" for "http://localhost:8000/"
1503429264453	Marionette	INFO	New connections will no longer be accepted
1503429494918	geckodriver	INFO	geckodriver 0.18.0
1503429494965	geckodriver	INFO	Listening on 127.0.0.1:63185
1503429495996	geckodriver::marionette	INFO	Starting browser /Applications/Firefox.app/Contents/MacOS/firefox-bin with args ["-marionette"]
1503429496485	Marionette	INFO	Enabled via --marionette
1503429497646	Marionette	INFO	Listening on port 63194
1503429497672	Marionette	WARN	TLS certificate errors will be ignored for this session
JavaScript error: chrome://marionette/content/server.js, line 337: NS_ERROR_SOCKET_ADDRESS_IN_USE: Component returned failure code: 0x804b0036 (NS_ERROR_SOCKET_ADDRESS_IN_USE) [nsIServerSocket.initSpecialConnection]
2017-08-22 12:18:17.685 plugin-container[26050:20930319] *** CFMessagePort: bootstrap_register(): failed 1100 (0x44c) 'Permission denied', port = 0xaa3b, name = 'com.apple.tsm.portname'
See /usr/include/servers/bootstrap_defs.h for the error codes.
2017-08-22 12:18:17.688 plugin-container[26050:20930319] *** CFMessagePort: bootstrap_register(): failed 1100 (0x44c) 'Permission denied', port = 0xad03, name = 'com.apple.CFPasteboardClient'
See /usr/include/servers/bootstrap_defs.h for the error codes.
1503429497720	Marionette	DEBUG	loaded listener.js
1503429497745	Marionette	DEBUG	Received DOM event "beforeunload" for "about:blank"
1503429497754	Marionette	DEBUG	Received DOM event "pagehide" for "about:blank"
1503429497754	Marionette	DEBUG	Received DOM event "unload" for "about:blank"
1503429497758	Marionette	DEBUG	Received DOM event "DOMContentLoaded" for "http://localhost:8000/"
1503429497774	Marionette	DEBUG	Received DOM event "pageshow" for "http://localhost:8000/"
1503429501043	Marionette	INFO	New connections will no longer be accepted
1503429638399	geckodriver	INFO	geckodriver 0.18.0
1503429638445	geckodriver	INFO	Listening on 127.0.0.1:63266
1503429639471	geckodriver::marionette	INFO	Starting browser /Applications/Firefox.app/Contents/MacOS/firefox-bin with args ["-marionette"]
1503429639971	Marionette	INFO	Enabled via --marionette
2017-08-22 12:20:41.008 plugin-container[26065:20933377] *** CFMessagePort: bootstrap_register(): failed 1100 (0x44c) 'Permission denied', port = 0xaa3b, name = 'com.apple.tsm.portname'
See /usr/include/servers/bootstrap_defs.h for the error codes.
2017-08-22 12:20:41.011 plugin-container[26065:20933377] *** CFMessagePort: bootstrap_register(): failed 1100 (0x44c) 'Permission denied', port = 0xad03, name = 'com.apple.CFPasteboardClient'
See /usr/include/servers/bootstrap_defs.h for the error codes.
1503429641188	Marionette	INFO	Listening on port 63275
JavaScript error: chrome://marionette/content/server.js, line 337: NS_ERROR_SOCKET_ADDRESS_IN_USE: Component returned failure code: 0x804b0036 (NS_ERROR_SOCKET_ADDRESS_IN_USE) [nsIServerSocket.initSpecialConnection]
1503429641250	Marionette	WARN	TLS certificate errors will be ignored for this session
1503429641284	Marionette	DEBUG	loaded listener.js
1503429641308	Marionette	DEBUG	Received DOM event "beforeunload" for "about:blank"
1503429641318	Marionette	DEBUG	Received DOM event "pagehide" for "about:blank"
1503429641318	Marionette	DEBUG	Received DOM event "unload" for "about:blank"
1503429641321	Marionette	DEBUG	Received DOM event "DOMContentLoaded" for "http://localhost:8000/"
1503429641339	Marionette	DEBUG	Received DOM event "pageshow" for "http://localhost:8000/"
1503429644564	Marionette	INFO	New connections will no longer be accepted
1503429665447	geckodriver	INFO	geckodriver 0.18.0
1503429665507	geckodriver	INFO	Listening on 127.0.0.1:63353
1503429666520	geckodriver::marionette	INFO	Starting browser /Applications/Firefox.app/Contents/MacOS/firefox-bin with args ["-marionette"]
1503429667018	Marionette	INFO	Enabled via --marionette
2017-08-22 12:21:08.042 plugin-container[26074:20935019] *** CFMessagePort: bootstrap_register(): failed 1100 (0x44c) 'Permission denied', port = 0xaa3b, name = 'com.apple.tsm.portname'
See /usr/include/servers/bootstrap_defs.h for the error codes.
2017-08-22 12:21:08.044 plugin-container[26074:20935019] *** CFMessagePort: bootstrap_register(): failed 1100 (0x44c) 'Permission denied', port = 0xad03, name = 'com.apple.CFPasteboardClient'
See /usr/include/servers/bootstrap_defs.h for the error codes.
1503429668198	Marionette	INFO	Listening on port 63362
JavaScript error: chrome://marionette/content/server.js, line 337: NS_ERROR_SOCKET_ADDRESS_IN_USE: Component returned failure code: 0x804b0036 (NS_ERROR_SOCKET_ADDRESS_IN_USE) [nsIServerSocket.initSpecialConnection]
1503429668296	Marionette	WARN	TLS certificate errors will be ignored for this session
1503429668328	Marionette	DEBUG	loaded listener.js
1503429668355	Marionette	DEBUG	Received DOM event "beforeunload" for "about:blank"
1503429668368	Marionette	DEBUG	Received DOM event "pagehide" for "about:blank"
1503429668368	Marionette	DEBUG	Received DOM event "unload" for "about:blank"
1503429668371	Marionette	DEBUG	Received DOM event "DOMContentLoaded" for "http://localhost:8000/"
1503429668390	Marionette	DEBUG	Received DOM event "pageshow" for "http://localhost:8000/"
1503429671652	Marionette	INFO	New connections will no longer be accepted
1503429775854	geckodriver	INFO	geckodriver 0.18.0
1503429775901	geckodriver	INFO	Listening on 127.0.0.1:63438
1503429776927	geckodriver::marionette	INFO	Starting browser /Applications/Firefox.app/Contents/MacOS/firefox-bin with args ["-marionette"]
1503429777416	Marionette	INFO	Enabled via --marionette
2017-08-22 12:22:58.453 plugin-container[26090:20937906] *** CFMessagePort: bootstrap_register(): failed 1100 (0x44c) 'Permission denied', port = 0xaa2f, name = 'com.apple.tsm.portname'
See /usr/include/servers/bootstrap_defs.h for the error codes.
2017-08-22 12:22:58.456 plugin-container[26090:20937906] *** CFMessagePort: bootstrap_register(): failed 1100 (0x44c) 'Permission denied', port = 0xad03, name = 'com.apple.CFPasteboardClient'
See /usr/include/servers/bootstrap_defs.h for the error codes.
1503429778629	Marionette	INFO	Listening on port 63447
JavaScript error: chrome://marionette/content/server.js, line 337: NS_ERROR_SOCKET_ADDRESS_IN_USE: Component returned failure code: 0x804b0036 (NS_ERROR_SOCKET_ADDRESS_IN_USE) [nsIServerSocket.initSpecialConnection]
1503429778703	Marionette	WARN	TLS certificate errors will be ignored for this session
1503429778735	Marionette	DEBUG	loaded listener.js
1503429778764	Marionette	DEBUG	Received DOM event "beforeunload" for "about:blank"
1503429778773	Marionette	DEBUG	Received DOM event "pagehide" for "about:blank"
1503429778774	Marionette	DEBUG	Received DOM event "unload" for "about:blank"
1503429778777	Marionette	DEBUG	Received DOM event "DOMContentLoaded" for "http://localhost:8000/"
1503429778795	Marionette	DEBUG	Received DOM event "pageshow" for "http://localhost:8000/"
1503429782035	Marionette	INFO	New connections will no longer be accepted
1503435457499	geckodriver	INFO	geckodriver 0.18.0
1503435457545	geckodriver	INFO	Listening on 127.0.0.1:64157
1503435458574	geckodriver::marionette	INFO	Starting browser /Applications/Firefox.app/Contents/MacOS/firefox-bin with args ["-marionette"]
1503435459118	Marionette	INFO	Enabled via --marionette
2017-08-22 13:57:40.212 plugin-container[26345:21676263] *** CFMessagePort: bootstrap_register(): failed 1100 (0x44c) 'Permission denied', port = 0xaa3b, name = 'com.apple.tsm.portname'
See /usr/include/servers/bootstrap_defs.h for the error codes.
2017-08-22 13:57:40.213 plugin-container[26345:21676263] *** CFMessagePort: bootstrap_register(): failed 1100 (0x44c) 'Permission denied', port = 0xad03, name = 'com.apple.CFPasteboardClient'
See /usr/include/servers/bootstrap_defs.h for the error codes.
1503435460400	Marionette	INFO	Listening on port 64166
JavaScript error: chrome://marionette/content/server.js, line 337: NS_ERROR_SOCKET_ADDRESS_IN_USE: Component returned failure code: 0x804b0036 (NS_ERROR_SOCKET_ADDRESS_IN_USE) [nsIServerSocket.initSpecialConnection]
1503435460460	Marionette	WARN	TLS certificate errors will be ignored for this session
1503435460495	Marionette	DEBUG	loaded listener.js
1503435460520	Marionette	DEBUG	Received DOM event "beforeunload" for "about:blank"
1503435460531	Marionette	DEBUG	Received DOM event "pagehide" for "about:blank"
1503435460532	Marionette	DEBUG	Received DOM event "unload" for "about:blank"
1503435460535	Marionette	DEBUG	Received DOM event "DOMContentLoaded" for "http://localhost:8000/"
1503435460554	Marionette	DEBUG	Received DOM event "pageshow" for "http://localhost:8000/"
1503435460853	Marionette	INFO	New connections will no longer be accepted
1503436096846	geckodriver	INFO	geckodriver 0.18.0
1503436096893	geckodriver	INFO	Listening on 127.0.0.1:64259
1503436097940	geckodriver::marionette	INFO	Starting browser /Applications/Firefox.app/Contents/MacOS/firefox-bin with args ["-marionette"]
1503436098471	Marionette	INFO	Enabled via --marionette
2017-08-22 14:08:19.563 plugin-container[26378:21902378] *** CFMessagePort: bootstrap_register(): failed 1100 (0x44c) 'Permission denied', port = 0xaa3b, name = 'com.apple.tsm.portname'
See /usr/include/servers/bootstrap_defs.h for the error codes.
2017-08-22 14:08:19.564 plugin-container[26378:21902378] *** CFMessagePort: bootstrap_register(): failed 1100 (0x44c) 'Permission denied', port = 0xad03, name = 'com.apple.CFPasteboardClient'
See /usr/include/servers/bootstrap_defs.h for the error codes.
1503436099810	Marionette	INFO	Listening on port 64268
JavaScript error: chrome://marionette/content/server.js, line 337: NS_ERROR_SOCKET_ADDRESS_IN_USE: Component returned failure code: 0x804b0036 (NS_ERROR_SOCKET_ADDRESS_IN_USE) [nsIServerSocket.initSpecialConnection]
1503436099828	Marionette	WARN	TLS certificate errors will be ignored for this session
1503436099865	Marionette	DEBUG	loaded listener.js
1503436099899	Marionette	DEBUG	Received DOM event "beforeunload" for "about:blank"
1503436099909	Marionette	DEBUG	Received DOM event "pagehide" for "about:blank"
1503436099909	Marionette	DEBUG	Received DOM event "unload" for "about:blank"
1503436099913	Marionette	DEBUG	Received DOM event "DOMContentLoaded" for "http://localhost:8000/"
1503436099930	Marionette	DEBUG	Received DOM event "pageshow" for "http://localhost:8000/"
1503436103167	Marionette	INFO	New connections will no longer be accepted
1503436193466	geckodriver	INFO	geckodriver 0.18.0
1503436193513	geckodriver	INFO	Listening on 127.0.0.1:64382
1503436194543	geckodriver::marionette	INFO	Starting browser /Applications/Firefox.app/Contents/MacOS/firefox-bin with args ["-marionette"]
1503436195052	Marionette	INFO	Enabled via --marionette
2017-08-22 14:09:56.128 plugin-container[26405:21938103] *** CFMessagePort: bootstrap_register(): failed 1100 (0x44c) 'Permission denied', port = 0xaa3b, name = 'com.apple.tsm.portname'
See /usr/include/servers/bootstrap_defs.h for the error codes.
2017-08-22 14:09:56.129 plugin-container[26405:21938103] *** CFMessagePort: bootstrap_register(): failed 1100 (0x44c) 'Permission denied', port = 0xad03, name = 'com.apple.CFPasteboardClient'
See /usr/include/servers/bootstrap_defs.h for the error codes.
1503436196313	Marionette	INFO	Listening on port 64391
JavaScript error: chrome://marionette/content/server.js, line 337: NS_ERROR_SOCKET_ADDRESS_IN_USE: Component returned failure code: 0x804b0036 (NS_ERROR_SOCKET_ADDRESS_IN_USE) [nsIServerSocket.initSpecialConnection]
1503436196423	Marionette	WARN	TLS certificate errors will be ignored for this session
1503436196453	Marionette	DEBUG	loaded listener.js
1503436196488	Marionette	DEBUG	Received DOM event "beforeunload" for "about:blank"
1503436196501	Marionette	DEBUG	Received DOM event "pagehide" for "about:blank"
1503436196501	Marionette	DEBUG	Received DOM event "unload" for "about:blank"
1503436196505	Marionette	DEBUG	Received DOM event "DOMContentLoaded" for "http://localhost:8000/"
1503436196526	Marionette	DEBUG	Received DOM event "pageshow" for "http://localhost:8000/"
1503436209802	Marionette	INFO	New connections will no longer be accepted
1503436541532	geckodriver	INFO	geckodriver 0.18.0
1503436541578	geckodriver	INFO	Listening on 127.0.0.1:64813
1503436542644	geckodriver::marionette	INFO	Starting browser /Applications/Firefox.app/Contents/MacOS/firefox-bin with args ["-marionette"]
1503436543178	Marionette	INFO	Enabled via --marionette
2017-08-22 14:15:44.273 plugin-container[26430:22062352] *** CFMessagePort: bootstrap_register(): failed 1100 (0x44c) 'Permission denied', port = 0xaa3b, name = 'com.apple.tsm.portname'
See /usr/include/servers/bootstrap_defs.h for the error codes.
2017-08-22 14:15:44.273 plugin-container[26430:22062352] *** CFMessagePort: bootstrap_register(): failed 1100 (0x44c) 'Permission denied', port = 0xad03, name = 'com.apple.CFPasteboardClient'
See /usr/include/servers/bootstrap_defs.h for the error codes.
1503436544475	Marionette	INFO	Listening on port 64824
JavaScript error: chrome://marionette/content/server.js, line 337: NS_ERROR_SOCKET_ADDRESS_IN_USE: Component returned failure code: 0x804b0036 (NS_ERROR_SOCKET_ADDRESS_IN_USE) [nsIServerSocket.initSpecialConnection]
1503436544536	Marionette	WARN	TLS certificate errors will be ignored for this session
1503436544569	Marionette	DEBUG	loaded listener.js
1503436544598	Marionette	DEBUG	Received DOM event "beforeunload" for "about:blank"
1503436544608	Marionette	DEBUG	Received DOM event "pagehide" for "about:blank"
1503436544608	Marionette	DEBUG	Received DOM event "unload" for "about:blank"
1503436544612	Marionette	DEBUG	Received DOM event "DOMContentLoaded" for "http://localhost:8000/"
1503436544630	Marionette	DEBUG	Received DOM event "pageshow" for "http://localhost:8000/"
1503436557896	Marionette	INFO	New connections will no longer be accepted
1503437802617	geckodriver	INFO	geckodriver 0.18.0
1503437802665	geckodriver	INFO	Listening on 127.0.0.1:65147
1503437803689	geckodriver::marionette	INFO	Starting browser /Applications/Firefox.app/Contents/MacOS/firefox-bin with args ["-marionette"]
1503437804209	Marionette	INFO	Enabled via --marionette
2017-08-22 14:36:45.278 plugin-container[26563:22273934] *** CFMessagePort: bootstrap_register(): failed 1100 (0x44c) 'Permission denied', port = 0xaa3b, name = 'com.apple.tsm.portname'
See /usr/include/servers/bootstrap_defs.h for the error codes.
2017-08-22 14:36:45.280 plugin-container[26563:22273934] *** CFMessagePort: bootstrap_register(): failed 1100 (0x44c) 'Permission denied', port = 0xad03, name = 'com.apple.CFPasteboardClient'
See /usr/include/servers/bootstrap_defs.h for the error codes.
1503437805511	Marionette	INFO	Listening on port 65156
JavaScript error: chrome://marionette/content/server.js, line 337: NS_ERROR_SOCKET_ADDRESS_IN_USE: Component returned failure code: 0x804b0036 (NS_ERROR_SOCKET_ADDRESS_IN_USE) [nsIServerSocket.initSpecialConnection]
1503437805587	Marionette	WARN	TLS certificate errors will be ignored for this session
1503437805621	Marionette	DEBUG	loaded listener.js
1503437805646	Marionette	DEBUG	Received DOM event "beforeunload" for "about:blank"
1503437805656	Marionette	DEBUG	Received DOM event "pagehide" for "about:blank"
1503437805656	Marionette	DEBUG	Received DOM event "unload" for "about:blank"
1503437805660	Marionette	DEBUG	Received DOM event "DOMContentLoaded" for "http://localhost:8000/"
1503437805678	Marionette	DEBUG	Received DOM event "pageshow" for "http://localhost:8000/"
1503437808998	Marionette	INFO	New connections will no longer be accepted
1503438452341	geckodriver	INFO	geckodriver 0.18.0
1503438452389	geckodriver	INFO	Listening on 127.0.0.1:65305
1503438453434	geckodriver::marionette	INFO	Starting browser /Applications/Firefox.app/Contents/MacOS/firefox-bin with args ["-marionette"]
1503438453964	Marionette	INFO	Enabled via --marionette
2017-08-22 14:47:35.031 plugin-container[26636:22285635] *** CFMessagePort: bootstrap_register(): failed 1100 (0x44c) 'Permission denied', port = 0xaa33, name = 'com.apple.tsm.portname'
See /usr/include/servers/bootstrap_defs.h for the error codes.
2017-08-22 14:47:35.034 plugin-container[26636:22285635] *** CFMessagePort: bootstrap_register(): failed 1100 (0x44c) 'Permission denied', port = 0xad03, name = 'com.apple.CFPasteboardClient'
See /usr/include/servers/bootstrap_defs.h for the error codes.
1503438455199	Marionette	INFO	Listening on port 65314
JavaScript error: chrome://marionette/content/server.js, line 337: NS_ERROR_SOCKET_ADDRESS_IN_USE: Component returned failure code: 0x804b0036 (NS_ERROR_SOCKET_ADDRESS_IN_USE) [nsIServerSocket.initSpecialConnection]
1503438455312	Marionette	WARN	TLS certificate errors will be ignored for this session
1503438455345	Marionette	DEBUG	loaded listener.js
1503438455368	Marionette	DEBUG	Received DOM event "beforeunload" for "about:blank"
1503438455384	Marionette	DEBUG	Received DOM event "pagehide" for "about:blank"
1503438455384	Marionette	DEBUG	Received DOM event "unload" for "about:blank"
1503438455388	Marionette	DEBUG	Received DOM event "DOMContentLoaded" for "http://localhost:8000/"
1503438455407	Marionette	DEBUG	Received DOM event "pageshow" for "http://localhost:8000/"
1503438458676	Marionette	INFO	New connections will no longer be accepted
1503439734611	geckodriver	INFO	geckodriver 0.18.0
1503439734659	geckodriver	INFO	Listening on 127.0.0.1:65534
1503439735705	geckodriver::marionette	INFO	Starting browser /Applications/Firefox.app/Contents/MacOS/firefox-bin with args ["-marionette"]
1503439736227	Marionette	INFO	Enabled via --marionette
2017-08-22 15:08:57.314 plugin-container[26719:22305216] *** CFMessagePort: bootstrap_register(): failed 1100 (0x44c) 'Permission denied', port = 0xab33, name = 'com.apple.tsm.portname'
See /usr/include/servers/bootstrap_defs.h for the error codes.
2017-08-22 15:08:57.316 plugin-container[26719:22305216] *** CFMessagePort: bootstrap_register(): failed 1100 (0x44c) 'Permission denied', port = 0xae03, name = 'com.apple.CFPasteboardClient'
See /usr/include/servers/bootstrap_defs.h for the error codes.
1503439737498	Marionette	INFO	Listening on port 49159
JavaScript error: chrome://marionette/content/server.js, line 337: NS_ERROR_SOCKET_ADDRESS_IN_USE: Component returned failure code: 0x804b0036 (NS_ERROR_SOCKET_ADDRESS_IN_USE) [nsIServerSocket.initSpecialConnection]
1503439737590	Marionette	WARN	TLS certificate errors will be ignored for this session
1503439737621	Marionette	DEBUG	loaded listener.js
1503439737655	Marionette	DEBUG	Received DOM event "beforeunload" for "about:blank"
1503439737678	Marionette	DEBUG	Received DOM event "pagehide" for "about:blank"
1503439737678	Marionette	DEBUG	Received DOM event "unload" for "about:blank"
1503439737682	Marionette	DEBUG	Received DOM event "DOMContentLoaded" for "http://localhost:8000/"
1503439737703	Marionette	DEBUG	Received DOM event "pageshow" for "http://localhost:8000/"
1503439738001	Marionette	INFO	New connections will no longer be accepted
1503440521532	geckodriver	INFO	geckodriver 0.18.0
1503440521578	geckodriver	INFO	Listening on 127.0.0.1:49387
1503440522605	geckodriver::marionette	INFO	Starting browser /Applications/Firefox.app/Contents/MacOS/firefox-bin with args ["-marionette"]
1503440523124	Marionette	INFO	Enabled via --marionette
2017-08-22 15:22:04.195 plugin-container[26773:22314765] *** CFMessagePort: bootstrap_register(): failed 1100 (0x44c) 'Permission denied', port = 0xaa3b, name = 'com.apple.tsm.portname'
See /usr/include/servers/bootstrap_defs.h for the error codes.
2017-08-22 15:22:04.197 plugin-container[26773:22314765] *** CFMessagePort: bootstrap_register(): failed 1100 (0x44c) 'Permission denied', port = 0xad03, name = 'com.apple.CFPasteboardClient'
See /usr/include/servers/bootstrap_defs.h for the error codes.
1503440524365	Marionette	INFO	Listening on port 49396
JavaScript error: chrome://marionette/content/server.js, line 337: NS_ERROR_SOCKET_ADDRESS_IN_USE: Component returned failure code: 0x804b0036 (NS_ERROR_SOCKET_ADDRESS_IN_USE) [nsIServerSocket.initSpecialConnection]
1503440524383	Marionette	WARN	TLS certificate errors will be ignored for this session
1503440524417	Marionette	DEBUG	loaded listener.js
1503440524443	Marionette	DEBUG	Received DOM event "beforeunload" for "about:blank"
1503440524459	Marionette	DEBUG	Received DOM event "pagehide" for "about:blank"
1503440524460	Marionette	DEBUG	Received DOM event "unload" for "about:blank"
1503440524464	Marionette	DEBUG	Received DOM event "DOMContentLoaded" for "http://localhost:8000/"
1503440524485	Marionette	DEBUG	Received DOM event "pageshow" for "http://localhost:8000/"
1503440527771	Marionette	INFO	New connections will no longer be accepted
[GFX1-]: Receive IPC close with reason=AbnormalShutdown
[Child 26773] WARNING: pipe error: Broken pipe: file /builds/slave/m-rel-m64-00000000000000000000/build/src/ipc/chromium/src/chrome/common/ipc_channel_posix.cc, line 709
1503440797811	geckodriver	INFO	geckodriver 0.18.0
1503440797857	geckodriver	INFO	Listening on 127.0.0.1:49477
1503440798888	geckodriver::marionette	INFO	Starting browser /Applications/Firefox.app/Contents/MacOS/firefox-bin with args ["-marionette"]
1503440799399	Marionette	INFO	Enabled via --marionette
2017-08-22 15:26:40.449 plugin-container[26795:22317475] *** CFMessagePort: bootstrap_register(): failed 1100 (0x44c) 'Permission denied', port = 0xaa2f, name = 'com.apple.tsm.portname'
See /usr/include/servers/bootstrap_defs.h for the error codes.
2017-08-22 15:26:40.451 plugin-container[26795:22317475] *** CFMessagePort: bootstrap_register(): failed 1100 (0x44c) 'Permission denied', port = 0xad03, name = 'com.apple.CFPasteboardClient'
See /usr/include/servers/bootstrap_defs.h for the error codes.
1503440800636	Marionette	INFO	Listening on port 49486
JavaScript error: chrome://marionette/content/server.js, line 337: NS_ERROR_SOCKET_ADDRESS_IN_USE: Component returned failure code: 0x804b0036 (NS_ERROR_SOCKET_ADDRESS_IN_USE) [nsIServerSocket.initSpecialConnection]
1503440800662	Marionette	WARN	TLS certificate errors will be ignored for this session
1503440800697	Marionette	DEBUG	loaded listener.js
1503440800721	Marionette	DEBUG	Received DOM event "beforeunload" for "about:blank"
1503440800731	Marionette	DEBUG	Received DOM event "pagehide" for "about:blank"
1503440800731	Marionette	DEBUG	Received DOM event "unload" for "about:blank"
1503440800735	Marionette	DEBUG	Received DOM event "DOMContentLoaded" for "http://localhost:8000/"
1503440800753	Marionette	DEBUG	Received DOM event "pageshow" for "http://localhost:8000/"
1503440804091	Marionette	INFO	New connections will no longer be accepted
1503440896587	geckodriver	INFO	geckodriver 0.18.0
1503440896635	geckodriver	INFO	Listening on 127.0.0.1:49580
1503440897662	geckodriver::marionette	INFO	Starting browser /Applications/Firefox.app/Contents/MacOS/firefox-bin with args ["-marionette"]
1503440898177	Marionette	INFO	Enabled via --marionette
2017-08-22 15:28:19.242 plugin-container[26827:22318855] *** CFMessagePort: bootstrap_register(): failed 1100 (0x44c) 'Permission denied', port = 0xaa3b, name = 'com.apple.tsm.portname'
See /usr/include/servers/bootstrap_defs.h for the error codes.
2017-08-22 15:28:19.245 plugin-container[26827:22318855] *** CFMessagePort: bootstrap_register(): failed 1100 (0x44c) 'Permission denied', port = 0xad03, name = 'com.apple.CFPasteboardClient'
See /usr/include/servers/bootstrap_defs.h for the error codes.
1503440899414	Marionette	INFO	Listening on port 49589
JavaScript error: chrome://marionette/content/server.js, line 337: NS_ERROR_SOCKET_ADDRESS_IN_USE: Component returned failure code: 0x804b0036 (NS_ERROR_SOCKET_ADDRESS_IN_USE) [nsIServerSocket.initSpecialConnection]
1503440899436	Marionette	WARN	TLS certificate errors will be ignored for this session
1503440899473	Marionette	DEBUG	loaded listener.js
1503440899503	Marionette	DEBUG	Received DOM event "beforeunload" for "about:blank"
1503440899513	Marionette	DEBUG	Received DOM event "pagehide" for "about:blank"
1503440899513	Marionette	DEBUG	Received DOM event "unload" for "about:blank"
1503440899517	Marionette	DEBUG	Received DOM event "DOMContentLoaded" for "http://localhost:8000/"
1503440899536	Marionette	DEBUG	Received DOM event "pageshow" for "http://localhost:8000/"
1503440902853	Marionette	INFO	New connections will no longer be accepted
1503441042846	geckodriver	INFO	geckodriver 0.18.0
1503441042893	geckodriver	INFO	Listening on 127.0.0.1:49686
1503441043920	geckodriver::marionette	INFO	Starting browser /Applications/Firefox.app/Contents/MacOS/firefox-bin with args ["-marionette"]
1503441044436	Marionette	INFO	Enabled via --marionette
2017-08-22 15:30:45.517 plugin-container[26847:22320580] *** CFMessagePort: bootstrap_register(): failed 1100 (0x44c) 'Permission denied', port = 0xaa3b, name = 'com.apple.tsm.portname'
See /usr/include/servers/bootstrap_defs.h for the error codes.
2017-08-22 15:30:45.519 plugin-container[26847:22320580] *** CFMessagePort: bootstrap_register(): failed 1100 (0x44c) 'Permission denied', port = 0xad03, name = 'com.apple.CFPasteboardClient'
See /usr/include/servers/bootstrap_defs.h for the error codes.
1503441045683	Marionette	INFO	Listening on port 49695
JavaScript error: chrome://marionette/content/server.js, line 337: NS_ERROR_SOCKET_ADDRESS_IN_USE: Component returned failure code: 0x804b0036 (NS_ERROR_SOCKET_ADDRESS_IN_USE) [nsIServerSocket.initSpecialConnection]
1503441045697	Marionette	WARN	TLS certificate errors will be ignored for this session
1503441045730	Marionette	DEBUG	loaded listener.js
1503441045761	Marionette	DEBUG	Received DOM event "beforeunload" for "about:blank"
1503441045776	Marionette	DEBUG	Received DOM event "pagehide" for "about:blank"
1503441045776	Marionette	DEBUG	Received DOM event "unload" for "about:blank"
1503441045779	Marionette	DEBUG	Received DOM event "DOMContentLoaded" for "http://localhost:8000/"
1503441045802	Marionette	DEBUG	Received DOM event "pageshow" for "http://localhost:8000/"
1503441049089	Marionette	INFO	New connections will no longer be accepted
1503441735847	geckodriver	INFO	geckodriver 0.18.0
1503441735895	geckodriver	INFO	Listening on 127.0.0.1:49825
1503441736945	geckodriver::marionette	INFO	Starting browser /Applications/Firefox.app/Contents/MacOS/firefox-bin with args ["-marionette"]
1503441737464	Marionette	INFO	Enabled via --marionette
2017-08-22 15:42:18.533 plugin-container[26878:22326817] *** CFMessagePort: bootstrap_register(): failed 1100 (0x44c) 'Permission denied', port = 0xaa33, name = 'com.apple.tsm.portname'
See /usr/include/servers/bootstrap_defs.h for the error codes.
2017-08-22 15:42:18.535 plugin-container[26878:22326817] *** CFMessagePort: bootstrap_register(): failed 1100 (0x44c) 'Permission denied', port = 0xad03, name = 'com.apple.CFPasteboardClient'
See /usr/include/servers/bootstrap_defs.h for the error codes.
1503441738777	Marionette	INFO	Listening on port 49834
JavaScript error: chrome://marionette/content/server.js, line 337: NS_ERROR_SOCKET_ADDRESS_IN_USE: Component returned failure code: 0x804b0036 (NS_ERROR_SOCKET_ADDRESS_IN_USE) [nsIServerSocket.initSpecialConnection]
1503441738838	Marionette	WARN	TLS certificate errors will be ignored for this session
1503441738870	Marionette	DEBUG	loaded listener.js
1503441738904	Marionette	DEBUG	Received DOM event "beforeunload" for "about:blank"
1503441738914	Marionette	DEBUG	Received DOM event "pagehide" for "about:blank"
1503441738914	Marionette	DEBUG	Received DOM event "unload" for "about:blank"
1503441738918	Marionette	DEBUG	Received DOM event "DOMContentLoaded" for "http://localhost:8000/"
1503441738935	Marionette	DEBUG	Received DOM event "pageshow" for "http://localhost:8000/"
1503441739229	Marionette	INFO	New connections will no longer be accepted
1503441751998	geckodriver	INFO	geckodriver 0.18.0
1503441752055	geckodriver	INFO	Listening on 127.0.0.1:49906
1503441753070	geckodriver::marionette	INFO	Starting browser /Applications/Firefox.app/Contents/MacOS/firefox-bin with args ["-marionette"]
1503441753585	Marionette	INFO	Enabled via --marionette
2017-08-22 15:42:34.642 plugin-container[26886:22327676] *** CFMessagePort: bootstrap_register(): failed 1100 (0x44c) 'Permission denied', port = 0xaa3b, name = 'com.apple.tsm.portname'
See /usr/include/servers/bootstrap_defs.h for the error codes.
2017-08-22 15:42:34.644 plugin-container[26886:22327676] *** CFMessagePort: bootstrap_register(): failed 1100 (0x44c) 'Permission denied', port = 0xad03, name = 'com.apple.CFPasteboardClient'
See /usr/include/servers/bootstrap_defs.h for the error codes.
1503441754873	Marionette	INFO	Listening on port 49915
JavaScript error: chrome://marionette/content/server.js, line 337: NS_ERROR_SOCKET_ADDRESS_IN_USE: Component returned failure code: 0x804b0036 (NS_ERROR_SOCKET_ADDRESS_IN_USE) [nsIServerSocket.initSpecialConnection]
1503441754950	Marionette	WARN	TLS certificate errors will be ignored for this session
1503441754981	Marionette	DEBUG	loaded listener.js
1503441755006	Marionette	DEBUG	Received DOM event "beforeunload" for "about:blank"
1503441755016	Marionette	DEBUG	Received DOM event "pagehide" for "about:blank"
1503441755016	Marionette	DEBUG	Received DOM event "unload" for "about:blank"
1503441755022	Marionette	DEBUG	Received DOM event "DOMContentLoaded" for "http://localhost:8000/"
1503441755040	Marionette	DEBUG	Received DOM event "pageshow" for "http://localhost:8000/"
1503441755647	Marionette	INFO	New connections will no longer be accepted
JavaScript error: resource://shield-recipe-client/lib/RecipeRunner.jsm, line 249: TypeError: log is undefined
1503441973204	geckodriver	INFO	geckodriver 0.18.0
1503441973251	geckodriver	INFO	Listening on 127.0.0.1:50012
1503441974279	geckodriver::marionette	INFO	Starting browser /Applications/Firefox.app/Contents/MacOS/firefox-bin with args ["-marionette"]
1503441974782	Marionette	INFO	Enabled via --marionette
2017-08-22 15:46:15.826 plugin-container[26904:22332127] *** CFMessagePort: bootstrap_register(): failed 1100 (0x44c) 'Permission denied', port = 0xaa2f, name = 'com.apple.tsm.portname'
See /usr/include/servers/bootstrap_defs.h for the error codes.
2017-08-22 15:46:15.828 plugin-container[26904:22332127] *** CFMessagePort: bootstrap_register(): failed 1100 (0x44c) 'Permission denied', port = 0xad03, name = 'com.apple.CFPasteboardClient'
See /usr/include/servers/bootstrap_defs.h for the error codes.
1503441976002	Marionette	INFO	Listening on port 50021
JavaScript error: chrome://marionette/content/server.js, line 337: NS_ERROR_SOCKET_ADDRESS_IN_USE: Component returned failure code: 0x804b0036 (NS_ERROR_SOCKET_ADDRESS_IN_USE) [nsIServerSocket.initSpecialConnection]
1503441976058	Marionette	WARN	TLS certificate errors will be ignored for this session
1503441976092	Marionette	DEBUG	loaded listener.js
1503441976115	Marionette	DEBUG	Received DOM event "beforeunload" for "about:blank"
1503441976127	Marionette	DEBUG	Received DOM event "pagehide" for "about:blank"
1503441976127	Marionette	DEBUG	Received DOM event "unload" for "about:blank"
1503441976131	Marionette	DEBUG	Received DOM event "DOMContentLoaded" for "http://localhost:8000/"
1503441976151	Marionette	DEBUG	Received DOM event "pageshow" for "http://localhost:8000/"
1503441976554	Marionette	INFO	New connections will no longer be accepted
1503442852830	geckodriver	INFO	geckodriver 0.18.0
1503442852877	geckodriver	INFO	Listening on 127.0.0.1:50172
1503442853922	geckodriver::marionette	INFO	Starting browser /Applications/Firefox.app/Contents/MacOS/firefox-bin with args ["-marionette"]
1503442854437	Marionette	INFO	Enabled via --marionette
2017-08-22 16:00:55.502 plugin-container[27018:22341022] *** CFMessagePort: bootstrap_register(): failed 1100 (0x44c) 'Permission denied', port = 0xaa3b, name = 'com.apple.tsm.portname'
See /usr/include/servers/bootstrap_defs.h for the error codes.
2017-08-22 16:00:55.504 plugin-container[27018:22341022] *** CFMessagePort: bootstrap_register(): failed 1100 (0x44c) 'Permission denied', port = 0xad03, name = 'com.apple.CFPasteboardClient'
See /usr/include/servers/bootstrap_defs.h for the error codes.
1503442855667	Marionette	INFO	Listening on port 50181
JavaScript error: chrome://marionette/content/server.js, line 337: NS_ERROR_SOCKET_ADDRESS_IN_USE: Component returned failure code: 0x804b0036 (NS_ERROR_SOCKET_ADDRESS_IN_USE) [nsIServerSocket.initSpecialConnection]
1503442855695	Marionette	WARN	TLS certificate errors will be ignored for this session
1503442855729	Marionette	DEBUG	loaded listener.js
1503442855751	Marionette	DEBUG	Received DOM event "beforeunload" for "about:blank"
1503442855760	Marionette	DEBUG	Received DOM event "pagehide" for "about:blank"
1503442855760	Marionette	DEBUG	Received DOM event "unload" for "about:blank"
1503442855764	Marionette	DEBUG	Received DOM event "DOMContentLoaded" for "http://localhost:8000/"
1503442855781	Marionette	DEBUG	Received DOM event "pageshow" for "http://localhost:8000/"
1503442856073	Marionette	INFO	New connections will no longer be accepted
1503442897550	geckodriver	INFO	geckodriver 0.18.0
1503442897596	geckodriver	INFO	Listening on 127.0.0.1:50247
1503442898624	geckodriver::marionette	INFO	Starting browser /Applications/Firefox.app/Contents/MacOS/firefox-bin with args ["-marionette"]
1503442899140	Marionette	INFO	Enabled via --marionette
2017-08-22 16:01:40.207 plugin-container[27034:22342475] *** CFMessagePort: bootstrap_register(): failed 1100 (0x44c) 'Permission denied', port = 0xaa3b, name = 'com.apple.tsm.portname'
See /usr/include/servers/bootstrap_defs.h for the error codes.
2017-08-22 16:01:40.209 plugin-container[27034:22342475] *** CFMessagePort: bootstrap_register(): failed 1100 (0x44c) 'Permission denied', port = 0xad03, name = 'com.apple.CFPasteboardClient'
See /usr/include/servers/bootstrap_defs.h for the error codes.
1503442900388	Marionette	INFO	Listening on port 50257
1503442900399	Marionette	WARN	TLS certificate errors will be ignored for this session
JavaScript error: chrome://marionette/content/server.js, line 337: NS_ERROR_SOCKET_ADDRESS_IN_USE: Component returned failure code: 0x804b0036 (NS_ERROR_SOCKET_ADDRESS_IN_USE) [nsIServerSocket.initSpecialConnection]
1503442900434	Marionette	DEBUG	loaded listener.js
1503442900467	Marionette	DEBUG	Received DOM event "beforeunload" for "about:blank"
1503442900479	Marionette	DEBUG	Received DOM event "pagehide" for "about:blank"
1503442900479	Marionette	DEBUG	Received DOM event "unload" for "about:blank"
1503442900483	Marionette	DEBUG	Received DOM event "DOMContentLoaded" for "http://localhost:8000/"
1503442900504	Marionette	DEBUG	Received DOM event "pageshow" for "http://localhost:8000/"
1503442900938	Marionette	INFO	New connections will no longer be accepted
1503442984842	geckodriver	INFO	geckodriver 0.18.0
1503442984890	geckodriver	INFO	Listening on 127.0.0.1:50350
1503442985915	geckodriver::marionette	INFO	Starting browser /Applications/Firefox.app/Contents/MacOS/firefox-bin with args ["-marionette"]
1503442986422	Marionette	INFO	Enabled via --marionette
2017-08-22 16:03:07.482 plugin-container[27054:22343766] *** CFMessagePort: bootstrap_register(): failed 1100 (0x44c) 'Permission denied', port = 0xaa3b, name = 'com.apple.tsm.portname'
See /usr/include/servers/bootstrap_defs.h for the error codes.
2017-08-22 16:03:07.484 plugin-container[27054:22343766] *** CFMessagePort: bootstrap_register(): failed 1100 (0x44c) 'Permission denied', port = 0xad03, name = 'com.apple.CFPasteboardClient'
See /usr/include/servers/bootstrap_defs.h for the error codes.
1503442987707	Marionette	INFO	Listening on port 50359
JavaScript error: chrome://marionette/content/server.js, line 337: NS_ERROR_SOCKET_ADDRESS_IN_USE: Component returned failure code: 0x804b0036 (NS_ERROR_SOCKET_ADDRESS_IN_USE) [nsIServerSocket.initSpecialConnection]
1503442987802	Marionette	WARN	TLS certificate errors will be ignored for this session
1503442987834	Marionette	DEBUG	loaded listener.js
1503442987857	Marionette	DEBUG	Received DOM event "beforeunload" for "about:blank"
1503442987871	Marionette	DEBUG	Received DOM event "pagehide" for "about:blank"
1503442987871	Marionette	DEBUG	Received DOM event "unload" for "about:blank"
1503442987875	Marionette	DEBUG	Received DOM event "DOMContentLoaded" for "http://localhost:8000/"
1503442987895	Marionette	DEBUG	Received DOM event "pageshow" for "http://localhost:8000/"
1503442988650	Marionette	INFO	New connections will no longer be accepted
[GFX1-]: Receive IPC close with reason=AbnormalShutdown
1503443034235	geckodriver	INFO	geckodriver 0.18.0
1503443034284	geckodriver	INFO	Listening on 127.0.0.1:50442
1503443035308	geckodriver::marionette	INFO	Starting browser /Applications/Firefox.app/Contents/MacOS/firefox-bin with args ["-marionette"]
1503443035799	Marionette	INFO	Enabled via --marionette
2017-08-22 16:03:56.875 plugin-container[27063:22345822] *** CFMessagePort: bootstrap_register(): failed 1100 (0x44c) 'Permission denied', port = 0xaa33, name = 'com.apple.tsm.portname'
See /usr/include/servers/bootstrap_defs.h for the error codes.
2017-08-22 16:03:56.877 plugin-container[27063:22345822] *** CFMessagePort: bootstrap_register(): failed 1100 (0x44c) 'Permission denied', port = 0xad03, name = 'com.apple.CFPasteboardClient'
See /usr/include/servers/bootstrap_defs.h for the error codes.
1503443037111	Marionette	INFO	Listening on port 50451
JavaScript error: chrome://marionette/content/server.js, line 337: NS_ERROR_SOCKET_ADDRESS_IN_USE: Component returned failure code: 0x804b0036 (NS_ERROR_SOCKET_ADDRESS_IN_USE) [nsIServerSocket.initSpecialConnection]
1503443037173	Marionette	WARN	TLS certificate errors will be ignored for this session
1503443037206	Marionette	DEBUG	loaded listener.js
1503443037231	Marionette	DEBUG	Received DOM event "beforeunload" for "about:blank"
1503443037243	Marionette	DEBUG	Received DOM event "pagehide" for "about:blank"
1503443037243	Marionette	DEBUG	Received DOM event "unload" for "about:blank"
1503443037247	Marionette	DEBUG	Received DOM event "DOMContentLoaded" for "http://localhost:8000/"
1503443037268	Marionette	DEBUG	Received DOM event "pageshow" for "http://localhost:8000/"
1503443037653	Marionette	INFO	New connections will no longer be accepted
1503443236606	geckodriver	INFO	geckodriver 0.18.0
1503443236654	geckodriver	INFO	Listening on 127.0.0.1:50546
1503443237682	geckodriver::marionette	INFO	Starting browser /Applications/Firefox.app/Contents/MacOS/firefox-bin with args ["-marionette"]
1503443238187	Marionette	INFO	Enabled via --marionette
2017-08-22 16:07:19.226 plugin-container[27089:22349416] *** CFMessagePort: bootstrap_register(): failed 1100 (0x44c) 'Permission denied', port = 0xaa3b, name = 'com.apple.tsm.portname'
See /usr/include/servers/bootstrap_defs.h for the error codes.
2017-08-22 16:07:19.228 plugin-container[27089:22349416] *** CFMessagePort: bootstrap_register(): failed 1100 (0x44c) 'Permission denied', port = 0xad03, name = 'com.apple.CFPasteboardClient'
See /usr/include/servers/bootstrap_defs.h for the error codes.
1503443239399	Marionette	INFO	Listening on port 50555
JavaScript error: chrome://marionette/content/server.js, line 337: NS_ERROR_SOCKET_ADDRESS_IN_USE: Component returned failure code: 0x804b0036 (NS_ERROR_SOCKET_ADDRESS_IN_USE) [nsIServerSocket.initSpecialConnection]
1503443239460	Marionette	WARN	TLS certificate errors will be ignored for this session
1503443239492	Marionette	DEBUG	loaded listener.js
1503443239515	Marionette	DEBUG	Received DOM event "beforeunload" for "about:blank"
1503443239536	Marionette	DEBUG	Received DOM event "pagehide" for "about:blank"
1503443239536	Marionette	DEBUG	Received DOM event "unload" for "about:blank"
1503443239540	Marionette	DEBUG	Received DOM event "DOMContentLoaded" for "http://localhost:8000/"
1503443239560	Marionette	DEBUG	Received DOM event "pageshow" for "http://localhost:8000/"
1503443240300	Marionette	INFO	New connections will no longer be accepted
JavaScript error: resource://shield-recipe-client/lib/RecipeRunner.jsm, line 249: TypeError: log is undefined
1503443288179	geckodriver	INFO	geckodriver 0.18.0
1503443288226	geckodriver	INFO	Listening on 127.0.0.1:50648
1503443289250	geckodriver::marionette	INFO	Starting browser /Applications/Firefox.app/Contents/MacOS/firefox-bin with args ["-marionette"]
1503443289767	Marionette	INFO	Enabled via --marionette
2017-08-22 16:08:10.820 plugin-container[27102:22350584] *** CFMessagePort: bootstrap_register(): failed 1100 (0x44c) 'Permission denied', port = 0xab37, name = 'com.apple.tsm.portname'
See /usr/include/servers/bootstrap_defs.h for the error codes.
2017-08-22 16:08:10.822 plugin-container[27102:22350584] *** CFMessagePort: bootstrap_register(): failed 1100 (0x44c) 'Permission denied', port = 0xae03, name = 'com.apple.CFPasteboardClient'
See /usr/include/servers/bootstrap_defs.h for the error codes.
1503443291022	Marionette	INFO	Listening on port 50657
1503443291039	Marionette	WARN	TLS certificate errors will be ignored for this session
JavaScript error: chrome://marionette/content/server.js, line 337: NS_ERROR_SOCKET_ADDRESS_IN_USE: Component returned failure code: 0x804b0036 (NS_ERROR_SOCKET_ADDRESS_IN_USE) [nsIServerSocket.initSpecialConnection]
1503443291077	Marionette	DEBUG	loaded listener.js
1503443291105	Marionette	DEBUG	Received DOM event "beforeunload" for "about:blank"
1503443291115	Marionette	DEBUG	Received DOM event "pagehide" for "about:blank"
1503443291115	Marionette	DEBUG	Received DOM event "unload" for "about:blank"
1503443291119	Marionette	DEBUG	Received DOM event "DOMContentLoaded" for "http://localhost:8000/"
1503443291137	Marionette	DEBUG	Received DOM event "pageshow" for "http://localhost:8000/"
1503443291427	Marionette	INFO	New connections will no longer be accepted
